<?xml version="1.0" encoding="UTF-8"?>
<!-- Generated by org.testng.reporters.JUnitReportReporter -->
<testsuite hostname="DESKTOP-2O352HB" failures="0" tests="1" name="com.test.cases.LoginTest" time="19.182" errors="0" timestamp="2025-02-16T18:19:49 IST" skipped="0">
  <testcase classname="com.test.cases.LoginTest" name="logintest" time="19.182"/>
</testsuite> <!-- com.test.cases.LoginTest -->
