<?xml version="1.0" encoding="UTF-8"?>
<!-- Generated by org.testng.reporters.JUnitReportReporter -->
<testsuite hostname="DESKTOP-2O352HB" failures="0" tests="1" name="com.test.cases.Loginwithinvalidcredentials" time="7.543" errors="0" timestamp="2025-02-17T16:35:14 IST" skipped="0">
  <testcase classname="com.test.cases.Loginwithinvalidcredentials" name="logininvalidcredentials" time="7.543"/>
</testsuite> <!-- com.test.cases.Loginwithinvalidcredentials -->
